# System-wide .bashrc file for interactive bash(1) shells.

# To enable the settings / commands in this file for login shells as well,
# this file has to be sourced in /etc/profile.

# If not running interactively, don't do anything
[ -z "$PS1" ] && return

# check the window size after each command and, if necessary,
# update the values of LINES and COLUMNS.
shopt -s checkwinsize

# set variable identifying the chroot you work in (used in the prompt below)
if [ -z "${debian_chroot:-}" ] && [ -r /etc/debian_chroot ]; then
    debian_chroot=$(cat /etc/debian_chroot)
fi

# set a fancy prompt (non-color, overwrite the one in /etc/profile)
# but only if not SUDOing and have SUDO_PS1 set; then assume smart user.
if ! [ -n "${SUDO_USER}" -a -n "${SUDO_PS1}" ]; then
  PS1='${debian_chroot:+($debian_chroot)}\u@\h:\w\$ '
fi

# Commented out, don't overwrite xterm -T "title" -n "icontitle" by default.
# If this is an xterm set the title to user@host:dir
#case "$TERM" in
#xterm*|rxvt*)
#    PROMPT_COMMAND='echo -ne "\033]0;${USER}@${HOSTNAME}: ${PWD}\007"'
#    ;;
#*)
#    ;;
#esac

# enable bash completion in interactive shells
#if ! shopt -oq posix; then
#  if [ -f /usr/share/bash-completion/bash_completion ]; then
#    . /usr/share/bash-completion/bash_completion
#  elif [ -f /etc/bash_completion ]; then
#    . /etc/bash_completion
#  fi
#fi

# sudo hint
if [ ! -e "$HOME/.sudo_as_admin_successful" ] && [ ! -e "$HOME/.hushlogin" ] ; then
    case " $(groups) " in *\ admin\ *|*\ sudo\ *)
    if [ -x /usr/bin/sudo ]; then
	cat <<-EOF
	To run a command as administrator (user "root"), use "sudo <command>".
	See "man sudo_root" for details.
	
	EOF
    fi
    esac
fi

# if the command-not-found package is installed, use it
if [ -x /usr/lib/command-not-found -o -x /usr/share/command-not-found/command-not-found ]; then
	function command_not_found_handle {
	        # check because c-n-f could've been removed in the meantime
                if [ -x /usr/lib/command-not-found ]; then
		   /usr/lib/command-not-found -- "$1"
                   return $?
                elif [ -x /usr/share/command-not-found/command-not-found ]; then
		   /usr/share/command-not-found/command-not-found -- "$1"
                   return $?
		else
		   printf "%s: command not found\n" "$1" >&2
		   return 127
		fi
	}
fi
###limit
ulimit -s unlimited
###Cuda
export CPATH=/usr/local/cuda/include:$CPATH
export PATH=/usr/local/cuda/bin:$PATH
export LD_LIBRARY_PATH=/usr/local/cuda/lib64:$LD_LIBRARY_PATH
nvcc --version
###intelpsxe
source /opt/intel/parallel_studio_xe_2019/psxevars.sh intel64
source /opt/intel/compilers_and_libraries_2019/linux/bin/compilervars.sh intel64
source /opt/intel/mkl/bin/mklvars.sh intel64
source /opt/intel/impi/2019.4.243/intel64/bin/mpivars.sh
source /opt/intel/tbb/bin/tbbvars.sh intel64
##Texlive
export MANPATH=${MANPATH}:/usr/local/texlive/2021/texmf-dist/doc/man
export INFOPATH=${INFOPATH}:/usr/local/texlive/2021/texmf-dist/doc/info
export PATH=${PATH}:/usr/local/texlive/2021/bin/x86_64-linux
tex --version
###tecplot
echo "tecplot begin"
export PATH=/usr/local/tecplot360ex/bin:$PATH
export TECPHYFILE=$HOME/.tecplot.phy
echo "tecplot ok"
###ROCM
export CPATH=/opt/rocm/include:$CPATH
export PATH=/opt/rocm/bin/$PATH
export LD_LIBRARY_PATH-/opt/rocm/lib:$LD_LIBRARY_PATH
hipcc --version



#sleep 3s
clear

