# /etc/profile: system-wide .profile file for the Bourne shell (sh(1))
# and Bourne compatible shells (bash(1), ksh(1), ash(1), ...).

if [ "${PS1-}" ]; then
  if [ "${BASH-}" ] && [ "$BASH" != "/bin/sh" ]; then
    # The file bash.bashrc already sets the default PS1.
    # PS1='\h:\w\$ '
    if [ -f /etc/bash.bashrc ]; then
      . /etc/bash.bashrc
    fi
  else
    if [ "`id -u`" -eq 0 ]; then
      PS1='# '
    else
      PS1='$ '
    fi
  fi
fi

if [ -d /etc/profile.d ]; then
  for i in /etc/profile.d/*.sh; do
    if [ -r $i ]; then
      . $i
    fi
  done
  unset i
fi
###Cuda
export CUDA_HOME=/usr/local/cuda
export CUDA_PATH=/usr/local/cuda/bin${PATH:+:${PATH}}
export CUDA_LD_LIBRARY_PATH=/usr/local/cuda/lib64${LD_LIBRARY_PATH:+:${LD_LIBRARY_PATH}}
##Texlive
export MANPATH=${MANPATH}:/usr/local/texlive/2021/texmf-dist/doc/man
export INFOPATH=${INFOPATH}:/usr/local/texlive/2021/texmf-dist/doc/info
export PATH=${PATH}:/usr/local/texlive/2021/bin/x86_64-linux
##ROCm
export PATH=$PATH:/opt/rocm/bin:/opt/rocm/opencl/bin
export LD_LIBRARY_PATH=/opt/rocm/lib
export PATH=$PATH:/opt/rocm/hip/HIPIFY/bin




